Using pre-set license

 COMMAND LINE ARGUMENTS:
/Applications/Unity/Hub/Editor/2020.3.4f1/Unity.app/Contents/MacOS/Unity
-adb2
-batchMode
-noUpm
-name
AssetImportWorker0
-projectPath
/Users/bandit/Documents/muneWalk
-logFile
Logs/AssetImportWorker0.log
-srvPort
55949
Successfully changed project path to: /Users/bandit/Documents/muneWalk
/Users/bandit/Documents/muneWalk
Using Asset Import Pipeline V2.
Refreshing native plugins compatible for Editor in 21.20 ms, found 1 plugins.
Preloading 0 native plugins for Editor in 0.00 ms.
Initialize engine version: 2020.3.4f1 (0abb6314276a)
[Subsystems] Discovering subsystems at path /Applications/Unity/Hub/Editor/2020.3.4f1/Unity.app/Contents/Resources/UnitySubsystems
[Subsystems] Discovering subsystems at path /Users/bandit/Documents/muneWalk/Assets
GfxDevice: creating device client; threaded=0
2021-04-22 02:49:26.071 Unity[8366:308086] (null) preferred device: Apple M1 (high power)
2021-04-22 02:49:26.071 Unity[8366:308086] Metal devices available: 1
2021-04-22 02:49:26.071 Unity[8366:308086] 0: Apple M1 (high power)
2021-04-22 02:49:26.071 Unity[8366:308086] Using device Apple M1 (high power)
Initializing Metal device caps: Apple M1
Initialize mono
Mono path[0] = '/Applications/Unity/Hub/Editor/2020.3.4f1/Unity.app/Contents/Managed'
Mono path[1] = '/Applications/Unity/Hub/Editor/2020.3.4f1/Unity.app/Contents/MonoBleedingEdge/lib/mono/unityjit'
Mono config path = '/Applications/Unity/Hub/Editor/2020.3.4f1/Unity.app/Contents/MonoBleedingEdge/etc'
Using monoOptions --debugger-agent=transport=dt_socket,embedding=1,server=y,suspend=n,address=127.0.0.1:56366
Begin MonoManager ReloadAssembly
Registering precompiled unity dll's ...
Register platform support module: /Applications/Unity/Hub/Editor/2020.3.4f1/Unity.app/Contents/PlaybackEngines/MacStandaloneSupport/UnityEditor.OSXStandalone.Extensions.dll
Registered in 0.002123 seconds.
Native extension for OSXStandalone target not found
Refreshing native plugins compatible for Editor in 21.59 ms, found 1 plugins.
Preloading 0 native plugins for Editor in 0.00 ms.
Mono: successfully reloaded assembly
- Completed reload, in  1.746 seconds
Platform modules already initialized, skipping
Registering precompiled user dll's ...
Registered in 0.000662 seconds.
Begin MonoManager ReloadAssembly
Native extension for OSXStandalone target not found
Refreshing native plugins compatible for Editor in 0.18 ms, found 1 plugins.
Preloading 0 native plugins for Editor in 0.00 ms.
Mono: successfully reloaded assembly
- Completed reload, in  1.724 seconds
Platform modules already initialized, skipping
========================================================================
Worker process is ready to serve import requests
Launching external process: /Applications/Unity/Hub/Editor/2020.3.4f1/Unity.app/Contents/Tools/UnityShaderCompiler
Launched and connected shader compiler UnityShaderCompiler after 0.02 seconds
Refreshing native plugins compatible for Editor in 0.17 ms, found 1 plugins.
Preloading 0 native plugins for Editor in 0.00 ms.
Unloading 1116 Unused Serialized files (Serialized files now loaded: 0)
System memory in use before: 108.3 MB.
System memory in use after: 108.3 MB.

Unloading 10 unused Assets to reduce memory usage. Loaded Objects now: 1558.
Total: 1.347458 ms (FindLiveObjects: 0.112750 ms CreateObjectMapping: 0.025000 ms MarkObjects: 1.138000 ms  DeleteObjects: 0.071083 ms)

========================================================================
Received Import Request.
  path: Assets/Sprite/Mune Stand Spritesheet.png
  artifactKey: Guid(a71a99fc6a1b24d8e9ffb7a7fe4bee75) Importer(815301076,1909f56bfc062723c751e8b465ee728b)
Start importing Assets/Sprite/Mune Stand Spritesheet.png using Guid(a71a99fc6a1b24d8e9ffb7a7fe4bee75) Importer(815301076,1909f56bfc062723c751e8b465ee728b)  -> (artifact id: '4e6bdd816853dcea7b4e5ae3c5f25fa5') in 0.552470 seconds
  Import took 0.554966 seconds .

========================================================================
Received Import Request.
  Time since last request: 0.026704 seconds.
  path: Assets/Sprite/Mune Stand Spritesheet.png
  artifactKey: Guid(a71a99fc6a1b24d8e9ffb7a7fe4bee75) Importer(815301076,1909f56bfc062723c751e8b465ee728b)
Start importing Assets/Sprite/Mune Stand Spritesheet.png using Guid(a71a99fc6a1b24d8e9ffb7a7fe4bee75) Importer(815301076,1909f56bfc062723c751e8b465ee728b)  -> (artifact id: '4e6bdd816853dcea7b4e5ae3c5f25fa5') in 0.011993 seconds
  Import took 0.013883 seconds .

========================================================================
Received Import Request.
  Time since last request: 7.221470 seconds.
  path: Assets/Sprite/Mune Stand Spritesheet.png
  artifactKey: Guid(a71a99fc6a1b24d8e9ffb7a7fe4bee75) Importer(815301076,1909f56bfc062723c751e8b465ee728b)
Start importing Assets/Sprite/Mune Stand Spritesheet.png using Guid(a71a99fc6a1b24d8e9ffb7a7fe4bee75) Importer(815301076,1909f56bfc062723c751e8b465ee728b)  -> (artifact id: '1dbcb84773abf03b2831912de1763b10') in 0.017766 seconds
  Import took 0.019672 seconds .

========================================================================
Received Import Request.
  Time since last request: 6.247611 seconds.
  path: Assets/Sprite/Mune Stand Spritesheet.png
  artifactKey: Guid(a71a99fc6a1b24d8e9ffb7a7fe4bee75) Importer(815301076,1909f56bfc062723c751e8b465ee728b)
Start importing Assets/Sprite/Mune Stand Spritesheet.png using Guid(a71a99fc6a1b24d8e9ffb7a7fe4bee75) Importer(815301076,1909f56bfc062723c751e8b465ee728b)  -> (artifact id: 'a6c1d977d1e92e5e684b4fd1744f3884') in 0.012820 seconds
  Import took 0.014326 seconds .

========================================================================
Received Import Request.
  Time since last request: 129.291176 seconds.
  path: Assets/Sprite/Mune Walk Spritesheet.png
  artifactKey: Guid(d5688527aa1e64a519820ed10c0a5b32) Importer(815301076,1909f56bfc062723c751e8b465ee728b)
Start importing Assets/Sprite/Mune Walk Spritesheet.png using Guid(d5688527aa1e64a519820ed10c0a5b32) Importer(815301076,1909f56bfc062723c751e8b465ee728b)  -> (artifact id: '88960e97a9a3b1ee4ff68097d29e5b4d') in 0.146912 seconds
  Import took 0.149177 seconds .

========================================================================
Received Prepare
Registering precompiled user dll's ...
Registered in 0.000266 seconds.
Begin MonoManager ReloadAssembly
Native extension for OSXStandalone target not found
Refreshing native plugins compatible for Editor in 0.19 ms, found 1 plugins.
Preloading 0 native plugins for Editor in 0.00 ms.
Mono: successfully reloaded assembly
- Completed reload, in  1.702 seconds
Platform modules already initialized, skipping
Refreshing native plugins compatible for Editor in 0.12 ms, found 1 plugins.
Preloading 0 native plugins for Editor in 0.00 ms.
Unloading 1145 Unused Serialized files (Serialized files now loaded: 0)
System memory in use before: 117.8 MB.
System memory in use after: 117.8 MB.

Unloading 5 unused Assets to reduce memory usage. Loaded Objects now: 1604.
Total: 1.171167 ms (FindLiveObjects: 0.088958 ms CreateObjectMapping: 0.025375 ms MarkObjects: 1.010834 ms  DeleteObjects: 0.045208 ms)

========================================================================
Received Import Request.
  Time since last request: 142.251974 seconds.
  path: Assets/Sprite/Mune Stand Spritesheet.png
  artifactKey: Guid(a71a99fc6a1b24d8e9ffb7a7fe4bee75) Importer(815301076,1909f56bfc062723c751e8b465ee728b)
Start importing Assets/Sprite/Mune Stand Spritesheet.png using Guid(a71a99fc6a1b24d8e9ffb7a7fe4bee75) Importer(815301076,1909f56bfc062723c751e8b465ee728b)  -> (artifact id: 'bbe348e2249e9983d1b648317b295dcd') in 0.176669 seconds
  Import took 0.178660 seconds .

========================================================================
Received Import Request.
  Time since last request: 170.501528 seconds.
  path: Assets/Animation/muneWalk26.controller
  artifactKey: Guid(45b1c782579d248f8a6d1f9ce14fe0a3) Importer(815301076,1909f56bfc062723c751e8b465ee728b)
Start importing Assets/Animation/muneWalk26.controller using Guid(45b1c782579d248f8a6d1f9ce14fe0a3) Importer(815301076,1909f56bfc062723c751e8b465ee728b)  -> (artifact id: 'de1335512c9797cfe763cc64aa7a9303') in 0.556794 seconds
  Import took 0.559189 seconds .

========================================================================
Received Import Request.
  Time since last request: 36.286722 seconds.
  path: Assets/Animation/muneWalk26.controller
  artifactKey: Guid(45b1c782579d248f8a6d1f9ce14fe0a3) Importer(815301076,1909f56bfc062723c751e8b465ee728b)
Start importing Assets/Animation/muneWalk26.controller using Guid(45b1c782579d248f8a6d1f9ce14fe0a3) Importer(815301076,1909f56bfc062723c751e8b465ee728b)  -> (artifact id: '2ce8a2d714b272d2696f0af26e50a975') in 0.005608 seconds
  Import took 0.008284 seconds .

========================================================================
Received Prepare
Registering precompiled user dll's ...
Registered in 0.000218 seconds.
Begin MonoManager ReloadAssembly
Native extension for OSXStandalone target not found
Refreshing native plugins compatible for Editor in 0.19 ms, found 1 plugins.
Preloading 0 native plugins for Editor in 0.00 ms.
Mono: successfully reloaded assembly
- Completed reload, in  1.640 seconds
Platform modules already initialized, skipping
Refreshing native plugins compatible for Editor in 0.18 ms, found 1 plugins.
Preloading 0 native plugins for Editor in 0.00 ms.
Unloading 1145 Unused Serialized files (Serialized files now loaded: 0)
System memory in use before: 122.3 MB.
System memory in use after: 122.4 MB.

Unloading 5 unused Assets to reduce memory usage. Loaded Objects now: 1610.
Total: 1.241125 ms (FindLiveObjects: 0.091166 ms CreateObjectMapping: 0.025334 ms MarkObjects: 1.073459 ms  DeleteObjects: 0.050125 ms)

========================================================================
Received Import Request.
  Time since last request: 61.750466 seconds.
  path: Assets/Animation/muneWalk26.controller
  artifactKey: Guid(45b1c782579d248f8a6d1f9ce14fe0a3) Importer(815301076,1909f56bfc062723c751e8b465ee728b)
Start importing Assets/Animation/muneWalk26.controller using Guid(45b1c782579d248f8a6d1f9ce14fe0a3) Importer(815301076,1909f56bfc062723c751e8b465ee728b)  -> (artifact id: '989f5202566238216ad1cab4e3620e4b') in 0.020687 seconds
  Import took 0.022442 seconds .

